0 info it worked if it ends with ok
1 verbose cli [ 'C:\\Program Files\\nodejs\\node.exe',
1 verbose cli   'C:\\Program Files\\nodejs\\node_modules\\npm\\bin\\npm-cli.js',
1 verbose cli   'run',
1 verbose cli   'lite' ]
2 info using npm@3.9.3
3 info using node@v6.2.1
4 verbose run-script [ 'prelite', 'lite', 'postlite' ]
5 info lifecycle angular2-practice_v1@1.0.0~prelite: angular2-practice_v1@1.0.0
6 silly lifecycle angular2-practice_v1@1.0.0~prelite: no script for prelite, continuing
7 info lifecycle angular2-practice_v1@1.0.0~lite: angular2-practice_v1@1.0.0
8 verbose lifecycle angular2-practice_v1@1.0.0~lite: unsafe-perm in lifecycle true
9 verbose lifecycle angular2-practice_v1@1.0.0~lite: PATH: C:\Program Files\nodejs\node_modules\npm\bin\node-gyp-bin;C:\Users\joanna.m.d.agapay\Desktop\JOANNA\Project\LEMONGRASS\Tasks\Phase 2\Angular 2 POC\angular2-practice_v1\node_modules\.bin;C:\Program Files\nodejs;C:\Program Files\nodejs\node_modules\npm\bin\node-gyp-bin;C:\Users\joanna.m.d.agapay\Desktop\JOANNA\Project\LEMONGRASS\Tasks\Phase 2\Angular 2 POC\angular2-practice_v1\node_modules\.bin;C:\Program Files\nodejs;C:\ProgramData\Oracle\Java\javapath;C:\windows\system32;C:\windows;C:\windows\System32\Wbem;C:\windows\System32\WindowsPowerShell\v1.0\;C:\Program Files\ibm\gsk8\lib64;C:\Program Files (x86)\ibm\gsk8\lib;C:\IBM\SQLLIB\BIN;C:\IBM\SQLLIB\FUNCTION;C:\IBM\SQLLIB\SAMPLES\REPL;C:\Users\joanna.m.d.agapay\Desktop\JOANNA\Tools\Maven\apache-maven-3.3.9\bin;C:\Program Files\Java\jdk1.8.0_45\bin;C:\Program Files\nodejs\;C:\Users\joanna.m.d.agapay\AppData\Roaming\npm;C:\Program Files (x86)\Microsoft VS Code\bin
10 verbose lifecycle angular2-practice_v1@1.0.0~lite: CWD: C:\Users\joanna.m.d.agapay\Desktop\JOANNA\Project\LEMONGRASS\Tasks\Phase 2\Angular 2 POC\angular2-practice_v1
11 silly lifecycle angular2-practice_v1@1.0.0~lite: Args: [ '/d /s /c', 'lite-server' ]
12 silly lifecycle angular2-practice_v1@1.0.0~lite: Returned: code: 3  signal: null
13 info lifecycle angular2-practice_v1@1.0.0~lite: Failed to exec lite script
14 verbose stack Error: angular2-practice_v1@1.0.0 lite: `lite-server`
14 verbose stack Exit status 3
14 verbose stack     at EventEmitter.<anonymous> (C:\Program Files\nodejs\node_modules\npm\lib\utils\lifecycle.js:245:16)
14 verbose stack     at emitTwo (events.js:106:13)
14 verbose stack     at EventEmitter.emit (events.js:191:7)
14 verbose stack     at ChildProcess.<anonymous> (C:\Program Files\nodejs\node_modules\npm\lib\utils\spawn.js:24:14)
14 verbose stack     at emitTwo (events.js:106:13)
14 verbose stack     at ChildProcess.emit (events.js:191:7)
14 verbose stack     at maybeClose (internal/child_process.js:852:16)
14 verbose stack     at Process.ChildProcess._handle.onexit (internal/child_process.js:215:5)
15 verbose pkgid angular2-practice_v1@1.0.0
16 verbose cwd C:\Users\joanna.m.d.agapay\Desktop\JOANNA\Project\LEMONGRASS\Tasks\Phase 2\Angular 2 POC\angular2-practice_v1
17 error Windows_NT 6.1.7601
18 error argv "C:\\Program Files\\nodejs\\node.exe" "C:\\Program Files\\nodejs\\node_modules\\npm\\bin\\npm-cli.js" "run" "lite"
19 error node v6.2.1
20 error npm  v3.9.3
21 error code ELIFECYCLE
22 error angular2-practice_v1@1.0.0 lite: `lite-server`
22 error Exit status 3
23 error Failed at the angular2-practice_v1@1.0.0 lite script 'lite-server'.
23 error Make sure you have the latest version of node.js and npm installed.
23 error If you do, this is most likely a problem with the angular2-practice_v1 package,
23 error not with npm itself.
23 error Tell the author that this fails on your system:
23 error     lite-server
23 error You can get information on how to open an issue for this project with:
23 error     npm bugs angular2-practice_v1
23 error Or if that isn't available, you can get their info via:
23 error     npm owner ls angular2-practice_v1
23 error There is likely additional logging output above.
24 verbose exit [ 1, true ]
